<?xml version="1.0" encoding="UTF-8"?>
<!-- Generated by org.testng.reporters.JUnitXMLReporter -->
<testsuite ignored="0" hostname="LAPTOP-OGAG1L2N" failures="0" tests="2" name="Default test" time="132.377" errors="0" timestamp="2022-01-03T21:36:45 IST">
  <testcase classname="com.testingshastra.UItests.homepagetests.HomePageTests" name="validateAllLinksOfHomePage" time="48.635"/>
  <testcase classname="com.testingshastra.UItests.homepagetests.HomePageTests" name="verifyTitleOfHomePage" time="16.069"/>
</testsuite> <!-- Default test -->
