<?xml version="1.0" encoding="UTF-8"?>
<!-- Generated by org.testng.reporters.JUnitXMLReporter -->
<testsuite ignored="0" hostname="LAPTOP-OGAG1L2N" failures="0" tests="4" name="Edge-Test" time="181.681" errors="0" timestamp="2021-12-30T23:05:15 IST">
  <testcase classname="com.testingshastra.config.BaseClass" name="@BeforeMethod setUp" time="178.876">
    <failure type="java.lang.NullPointerException" message="null value in entry: url=null">
      <![CDATA[java.lang.NullPointerException: null value in entry: url=null
at com.google.common.collect.CollectPreconditions.checkEntryNotNull(CollectPreconditions.java:32)
at com.google.common.collect.SingletonImmutableBiMap.<init>(SingletonImmutableBiMap.java:42)
at com.google.common.collect.ImmutableBiMap.of(ImmutableBiMap.java:72)
at com.google.common.collect.ImmutableMap.of(ImmutableMap.java:119)
at org.openqa.selenium.remote.DriverCommand.GET(DriverCommand.java:76)
at org.openqa.selenium.remote.RemoteWebDriver.get(RemoteWebDriver.java:328)
at com.testingshastra.config.BaseClass.setUp(BaseClass.java:24)
at java.base/java.util.ArrayList.forEach(ArrayList.java:1511)
at java.base/java.util.concurrent.FutureTask.run(FutureTask.java:264)
at java.base/java.util.concurrent.ThreadPoolExecutor.runWorker(ThreadPoolExecutor.java:1130)
at java.base/java.util.concurrent.ThreadPoolExecutor$Worker.run(ThreadPoolExecutor.java:630)
at java.base/java.lang.Thread.run(Thread.java:831)
... Removed 22 stack frames]]>
    </failure>
  </testcase> <!-- @BeforeMethod setUp -->
  <testcase classname="com.testingshastra.config.BaseClass" name="@AfterMethod tearDown" time="-1.640885712806E9">
    <skipped/>
  </testcase> <!-- @AfterMethod tearDown -->
  <testcase classname="com.testingshastra.config.BaseClass" name="@BeforeMethod setUp" time="2.727">
    <failure type="java.lang.NullPointerException" message="null value in entry: url=null">
      <![CDATA[java.lang.NullPointerException: null value in entry: url=null
at com.google.common.collect.CollectPreconditions.checkEntryNotNull(CollectPreconditions.java:32)
at com.google.common.collect.SingletonImmutableBiMap.<init>(SingletonImmutableBiMap.java:42)
at com.google.common.collect.ImmutableBiMap.of(ImmutableBiMap.java:72)
at com.google.common.collect.ImmutableMap.of(ImmutableMap.java:119)
at org.openqa.selenium.remote.DriverCommand.GET(DriverCommand.java:76)
at org.openqa.selenium.remote.RemoteWebDriver.get(RemoteWebDriver.java:328)
at com.testingshastra.config.BaseClass.setUp(BaseClass.java:24)
at java.base/java.util.ArrayList.forEach(ArrayList.java:1511)
at java.base/java.util.concurrent.FutureTask.run(FutureTask.java:264)
at java.base/java.util.concurrent.ThreadPoolExecutor.runWorker(ThreadPoolExecutor.java:1130)
at java.base/java.util.concurrent.ThreadPoolExecutor$Worker.run(ThreadPoolExecutor.java:630)
at java.base/java.lang.Thread.run(Thread.java:831)
... Removed 22 stack frames]]>
    </failure>
  </testcase> <!-- @BeforeMethod setUp -->
  <testcase classname="com.testingshastra.config.BaseClass" name="@AfterMethod tearDown" time="-1.640885715557E9">
    <skipped/>
  </testcase> <!-- @AfterMethod tearDown -->
  <testcase classname="com.testingshastra.config.BaseClass" name="@BeforeMethod setUp" time="-1.640885715564E9">
    <skipped/>
  </testcase> <!-- @BeforeMethod setUp -->
  <testcase classname="com.testingshastra.config.BaseClass" name="@AfterMethod tearDown" time="-1.640885715569E9">
    <skipped/>
  </testcase> <!-- @AfterMethod tearDown -->
  <testcase classname="com.testingshastra.config.BaseClass" name="@BeforeMethod setUp" time="-1.640885715573E9">
    <skipped/>
  </testcase> <!-- @BeforeMethod setUp -->
  <testcase classname="com.testingshastra.config.BaseClass" name="@AfterMethod tearDown" time="-1.640885715581E9">
    <skipped/>
  </testcase> <!-- @AfterMethod tearDown -->
  <testcase classname="com.testingshastra.UItests.homepagetests.HomePageTests" name="verifyTitleOfHomePage" time="0.0">
    <skipped/>
  </testcase> <!-- verifyTitleOfHomePage -->
  <testcase classname="com.testingshastra.UItests.IJmeet.POMHomePageTests" name="printAllInfoLinks" time="0.0">
    <skipped/>
  </testcase> <!-- printAllInfoLinks -->
  <testcase classname="com.testingshastra.UItests.IJmeet.POMHomePageTests" name="verifyIfUserRedirectsToJoinMeetingPage" time="0.0">
    <skipped/>
  </testcase> <!-- verifyIfUserRedirectsToJoinMeetingPage -->
  <testcase classname="com.testingshastra.UItests.IJmeet.POMHomePageTests" name="verifyTitleOfHomePage" time="0.0">
    <skipped/>
  </testcase> <!-- verifyTitleOfHomePage -->
</testsuite> <!-- Edge-Test -->
