<?xml version="1.0" encoding="UTF-8"?>
<!-- Generated by org.testng.reporters.JUnitXMLReporter -->
<testsuite ignored="0" hostname="LAPTOP-OGAG1L2N" failures="0" tests="4" name="MicrosoftEdge-Test" time="0.056" errors="0" timestamp="2021-12-30T15:50:06 IST">
  <testcase classname="com.testingshastra.config.BaseClass" name="@BeforeMethod setUp" time="0.008">
    <failure type="java.lang.NullPointerException" message="Cannot invoke &amp;quot;org.openqa.selenium.remote.RemoteWebDriver.get(String)&amp;quot; because &amp;quot;this.Driver&amp;quot; is null">
      <![CDATA[java.lang.NullPointerException: Cannot invoke "org.openqa.selenium.remote.RemoteWebDriver.get(String)" because "this.Driver" is null
at com.testingshastra.config.BaseClass.setUp(BaseClass.java:24)
at java.base/java.util.ArrayList.forEach(ArrayList.java:1511)
at java.base/java.util.concurrent.FutureTask.run(FutureTask.java:264)
at java.base/java.util.concurrent.ThreadPoolExecutor.runWorker(ThreadPoolExecutor.java:1130)
at java.base/java.util.concurrent.ThreadPoolExecutor$Worker.run(ThreadPoolExecutor.java:630)
at java.base/java.lang.Thread.run(Thread.java:831)
... Removed 22 stack frames]]>
    </failure>
  </testcase> <!-- @BeforeMethod setUp -->
  <testcase classname="com.testingshastra.config.BaseClass" name="@AfterMethod tearDown" time="-1.640859606844E9">
    <skipped/>
  </testcase> <!-- @AfterMethod tearDown -->
  <testcase classname="com.testingshastra.config.BaseClass" name="@BeforeMethod setUp" time="0.001">
    <failure type="java.lang.NullPointerException" message="Cannot invoke &amp;quot;org.openqa.selenium.remote.RemoteWebDriver.get(String)&amp;quot; because &amp;quot;this.Driver&amp;quot; is null">
      <![CDATA[java.lang.NullPointerException: Cannot invoke "org.openqa.selenium.remote.RemoteWebDriver.get(String)" because "this.Driver" is null
at com.testingshastra.config.BaseClass.setUp(BaseClass.java:24)
at java.base/java.util.ArrayList.forEach(ArrayList.java:1511)
at java.base/java.util.concurrent.FutureTask.run(FutureTask.java:264)
at java.base/java.util.concurrent.ThreadPoolExecutor.runWorker(ThreadPoolExecutor.java:1130)
at java.base/java.util.concurrent.ThreadPoolExecutor$Worker.run(ThreadPoolExecutor.java:630)
at java.base/java.lang.Thread.run(Thread.java:831)
... Removed 22 stack frames]]>
    </failure>
  </testcase> <!-- @BeforeMethod setUp -->
  <testcase classname="com.testingshastra.config.BaseClass" name="@AfterMethod tearDown" time="-1.640859606848E9">
    <skipped/>
  </testcase> <!-- @AfterMethod tearDown -->
  <testcase classname="com.testingshastra.config.BaseClass" name="@BeforeMethod setUp" time="-1.640859606849E9">
    <skipped/>
  </testcase> <!-- @BeforeMethod setUp -->
  <testcase classname="com.testingshastra.config.BaseClass" name="@AfterMethod tearDown" time="-1.64085960685E9">
    <skipped/>
  </testcase> <!-- @AfterMethod tearDown -->
  <testcase classname="com.testingshastra.config.BaseClass" name="@BeforeMethod setUp" time="-1.640859606851E9">
    <skipped/>
  </testcase> <!-- @BeforeMethod setUp -->
  <testcase classname="com.testingshastra.config.BaseClass" name="@AfterMethod tearDown" time="-1.640859606852E9">
    <skipped/>
  </testcase> <!-- @AfterMethod tearDown -->
  <testcase classname="com.testingshastra.UItests.homepagetests.HomePageTests" name="verifyTitleOfHomePage" time="0.0">
    <skipped/>
  </testcase> <!-- verifyTitleOfHomePage -->
  <testcase classname="com.testingshastra.UItests.IJmeet.POMHomePageTests" name="printAllInfoLinks" time="0.0">
    <skipped/>
  </testcase> <!-- printAllInfoLinks -->
  <testcase classname="com.testingshastra.UItests.IJmeet.POMHomePageTests" name="verifyIfUserRedirectsToJoinMeetingPage" time="0.0">
    <skipped/>
  </testcase> <!-- verifyIfUserRedirectsToJoinMeetingPage -->
  <testcase classname="com.testingshastra.UItests.IJmeet.POMHomePageTests" name="verifyTitleOfHomePage" time="0.0">
    <skipped/>
  </testcase> <!-- verifyTitleOfHomePage -->
</testsuite> <!-- MicrosoftEdge-Test -->
