<?xml version="1.0" encoding="UTF-8"?>
<testsuite xmlns:xsi="http://www.w3.org/2001/XMLSchema-instance" xsi:noNamespaceSchemaLocation="https://maven.apache.org/surefire/maven-surefire-plugin/xsd/surefire-test-report-3.0.xsd" version="3.0" name="TestSuite" time="5.457" tests="24" errors="0" skipped="20" failures="4">
  <properties>
[...]
</properties>
  <testcase name="setUp[Microsoft-Edge](0)" classname="com.testingshastra.UItests.homepagetests.HomePageTests" time="0.774">
    <failure message="Cannot invoke &quot;org.openqa.selenium.remote.RemoteWebDriver.get(String)&quot; because &quot;this.Driver&quot; is null" type="java.lang.NullPointerException"><![CDATA[java.lang.NullPointerException: Cannot invoke "org.openqa.selenium.remote.RemoteWebDriver.get(String)" because "this.Driver" is null
]]></failure>
    <system-err><![CDATA[Invalid Browser Name:Microsoft-Edge
]]></system-err>
  </testcase>
  <testcase name="verifyTitleOfHomePage" classname="com.testingshastra.UItests.homepagetests.HomePageTests" time="0">
    <skipped message="Cannot invoke &quot;org.openqa.selenium.remote.RemoteWebDriver.get(String)&quot; because &quot;this.Driver&quot; is null"/>
  </testcase>
  <testcase name="verifyTitleOfHomePage" classname="com.testingshastra.UItests.homepagetests.HomePageTests" time="0">
    <skipped message="null value in entry: url=null"/>
  </testcase>
  <testcase name="tearDown" classname="com.testingshastra.UItests.homepagetests.HomePageTests" time="0">
    <skipped/>
  </testcase>
  <testcase name="tearDown" classname="com.testingshastra.UItests.homepagetests.HomePageTests" time="0">
    <skipped/>
  </testcase>
  <testcase name="setUp[Chrome](0)" classname="com.testingshastra.UItests.homepagetests.HomePageTests" time="3.312">
    <failure message="null value in entry: url=null" type="java.lang.NullPointerException"><![CDATA[java.lang.NullPointerException: null value in entry: url=null
]]></failure>
    <system-err><![CDATA[SLF4J: Failed to load class "org.slf4j.impl.StaticLoggerBinder".
SLF4J: Defaulting to no-operation (NOP) logger implementation
SLF4J: See http://www.slf4j.org/codes.html#StaticLoggerBinder for further details.
log4j:ERROR Could not find value for key log4j.appender.ConsoleAppender
log4j:ERROR Could not instantiate appender named "ConsoleAppender".
Starting ChromeDriver 96.0.4664.45 (76e4c1bb2ab4671b8beba3444e61c0f17584b2fc-refs/branch-heads/4664@{#947}) on port 61354
Only local connections are allowed.
Please see https://chromedriver.chromium.org/security-considerations for suggestions on keeping ChromeDriver safe.
ChromeDriver was started successfully.
Dec 30, 2021 3:50:10 PM org.openqa.selenium.remote.ProtocolHandshake createSession
INFO: Detected dialect: W3C
Dec 30, 2021 3:50:10 PM org.openqa.selenium.devtools.CdpVersionFinder findNearestMatch
WARNING: Unable to find an exact match for CDP version 96, so returning the closest version found: 95
Dec 30, 2021 3:50:10 PM org.openqa.selenium.devtools.CdpVersionFinder findNearestMatch
INFO: Found CDP implementation for version 96 of 95
]]></system-err>
  </testcase>
  <testcase name="setUp[Microsoft-Edge](0)" classname="com.testingshastra.UItests.IJmeet.POMHomePageTests" time="0.003">
    <failure message="Cannot invoke &quot;org.openqa.selenium.remote.RemoteWebDriver.get(String)&quot; because &quot;this.Driver&quot; is null" type="java.lang.NullPointerException"><![CDATA[java.lang.NullPointerException: Cannot invoke "org.openqa.selenium.remote.RemoteWebDriver.get(String)" because "this.Driver" is null
]]></failure>
    <system-err><![CDATA[Invalid Browser Name:Microsoft-Edge
]]></system-err>
  </testcase>
  <testcase name="printAllInfoLinks" classname="com.testingshastra.UItests.IJmeet.POMHomePageTests" time="0">
    <skipped message="Cannot invoke &quot;org.openqa.selenium.remote.RemoteWebDriver.get(String)&quot; because &quot;this.Driver&quot; is null"/>
  </testcase>
  <testcase name="printAllInfoLinks" classname="com.testingshastra.UItests.IJmeet.POMHomePageTests" time="0">
    <skipped message="null value in entry: url=null"/>
  </testcase>
  <testcase name="tearDown" classname="com.testingshastra.UItests.IJmeet.POMHomePageTests" time="0">
    <skipped/>
  </testcase>
  <testcase name="tearDown" classname="com.testingshastra.UItests.IJmeet.POMHomePageTests" time="0">
    <skipped/>
  </testcase>
  <testcase name="tearDown" classname="com.testingshastra.UItests.IJmeet.POMHomePageTests" time="0">
    <skipped/>
  </testcase>
  <testcase name="tearDown" classname="com.testingshastra.UItests.IJmeet.POMHomePageTests" time="0">
    <skipped/>
  </testcase>
  <testcase name="tearDown" classname="com.testingshastra.UItests.IJmeet.POMHomePageTests" time="0">
    <skipped/>
  </testcase>
  <testcase name="tearDown" classname="com.testingshastra.UItests.IJmeet.POMHomePageTests" time="0">
    <skipped/>
  </testcase>
  <testcase name="setUp" classname="com.testingshastra.UItests.IJmeet.POMHomePageTests" time="0">
    <skipped/>
  </testcase>
  <testcase name="setUp" classname="com.testingshastra.UItests.IJmeet.POMHomePageTests" time="0">
    <skipped/>
  </testcase>
  <testcase name="setUp" classname="com.testingshastra.UItests.IJmeet.POMHomePageTests" time="0">
    <skipped/>
  </testcase>
  <testcase name="setUp" classname="com.testingshastra.UItests.IJmeet.POMHomePageTests" time="0">
    <skipped/>
  </testcase>
  <testcase name="verifyIfUserRedirectsToJoinMeetingPage" classname="com.testingshastra.UItests.IJmeet.POMHomePageTests" time="0">
    <skipped message="Cannot invoke &quot;org.openqa.selenium.remote.RemoteWebDriver.get(String)&quot; because &quot;this.Driver&quot; is null"/>
  </testcase>
  <testcase name="verifyIfUserRedirectsToJoinMeetingPage" classname="com.testingshastra.UItests.IJmeet.POMHomePageTests" time="0">
    <skipped message="null value in entry: url=null"/>
  </testcase>
  <testcase name="verifyTitleOfHomePage" classname="com.testingshastra.UItests.IJmeet.POMHomePageTests" time="0">
    <skipped message="Cannot invoke &quot;org.openqa.selenium.remote.RemoteWebDriver.get(String)&quot; because &quot;this.Driver&quot; is null"/>
  </testcase>
  <testcase name="verifyTitleOfHomePage" classname="com.testingshastra.UItests.IJmeet.POMHomePageTests" time="0">
    <skipped message="null value in entry: url=null"/>
  </testcase>
  <testcase name="setUp[Chrome](0)" classname="com.testingshastra.UItests.IJmeet.POMHomePageTests" time="1.199">
    <failure message="null value in entry: url=null" type="java.lang.NullPointerException"><![CDATA[java.lang.NullPointerException: null value in entry: url=null
]]></failure>
    <system-err><![CDATA[Starting ChromeDriver 96.0.4664.45 (76e4c1bb2ab4671b8beba3444e61c0f17584b2fc-refs/branch-heads/4664@{#947}) on port 53655
Only local connections are allowed.
Please see https://chromedriver.chromium.org/security-considerations for suggestions on keeping ChromeDriver safe.
ChromeDriver was started successfully.
Dec 30, 2021 3:50:11 PM org.openqa.selenium.remote.ProtocolHandshake createSession
INFO: Detected dialect: W3C
Dec 30, 2021 3:50:11 PM org.openqa.selenium.devtools.CdpVersionFinder findNearestMatch
WARNING: Unable to find an exact match for CDP version 96, so returning the closest version found: 95
Dec 30, 2021 3:50:11 PM org.openqa.selenium.devtools.CdpVersionFinder findNearestMatch
INFO: Found CDP implementation for version 96 of 95
]]></system-err>
  </testcase>
</testsuite>