<?xml version="1.0" encoding="UTF-8"?>
<testng-results ignored="0" total="2" passed="2" failed="0" skipped="0">
  <reporter-output>
  </reporter-output>
  <suite started-at="2022-01-03T21:34:33 IST" name="Default suite" finished-at="2022-01-03T21:36:45 IST" duration-ms="132377">
    <groups>
    </groups>
    <test started-at="2022-01-03T21:34:33 IST" name="Default test" finished-at="2022-01-03T21:36:45 IST" duration-ms="132377">
      <class name="com.testingshastra.UItests.homepagetests.HomePageTests">
        <test-method is-config="true" signature="setUp(java.lang.String)[pri:0, instance:com.testingshastra.UItests.homepagetests.HomePageTests@6c6cb480]" started-at="2022-01-03T21:34:33 IST" name="setUp" finished-at="2022-01-03T21:35:08 IST" duration-ms="34955" status="PASS">
          <params>
            <param index="0">
              <value is-null="true"/>
            </param>
          </params>
          <reporter-output>
          </reporter-output>
        </test-method> <!-- setUp -->
        <test-method signature="validateAllLinksOfHomePage()[pri:0, instance:com.testingshastra.UItests.homepagetests.HomePageTests@6c6cb480]" started-at="2022-01-03T21:35:08 IST" name="validateAllLinksOfHomePage" finished-at="2022-01-03T21:35:56 IST" duration-ms="48635" status="PASS">
          <reporter-output>
          </reporter-output>
        </test-method> <!-- validateAllLinksOfHomePage -->
        <test-method is-config="true" signature="tearDown()[pri:0, instance:com.testingshastra.UItests.homepagetests.HomePageTests@6c6cb480]" started-at="2022-01-03T21:35:57 IST" name="tearDown" finished-at="2022-01-03T21:35:57 IST" duration-ms="2" status="PASS">
          <reporter-output>
          </reporter-output>
        </test-method> <!-- tearDown -->
        <test-method is-config="true" signature="setUp(java.lang.String)[pri:0, instance:com.testingshastra.UItests.homepagetests.HomePageTests@6c6cb480]" started-at="2022-01-03T21:35:57 IST" name="setUp" finished-at="2022-01-03T21:36:29 IST" duration-ms="32661" status="PASS">
          <params>
            <param index="0">
              <value is-null="true"/>
            </param>
          </params>
          <reporter-output>
          </reporter-output>
        </test-method> <!-- setUp -->
        <test-method signature="verifyTitleOfHomePage()[pri:0, instance:com.testingshastra.UItests.homepagetests.HomePageTests@6c6cb480]" started-at="2022-01-03T21:36:29 IST" name="verifyTitleOfHomePage" finished-at="2022-01-03T21:36:45 IST" duration-ms="16069" status="PASS">
          <reporter-output>
          </reporter-output>
        </test-method> <!-- verifyTitleOfHomePage -->
        <test-method is-config="true" signature="tearDown()[pri:0, instance:com.testingshastra.UItests.homepagetests.HomePageTests@6c6cb480]" started-at="2022-01-03T21:36:45 IST" name="tearDown" finished-at="2022-01-03T21:36:45 IST" duration-ms="1" status="PASS">
          <reporter-output>
          </reporter-output>
        </test-method> <!-- tearDown -->
      </class> <!-- com.testingshastra.UItests.homepagetests.HomePageTests -->
    </test> <!-- Default test -->
  </suite> <!-- Default suite -->
</testng-results>
